d:\source\securityguard\enumdriver\debug\vc142.pdb
d:\source\securityguard\enumdriver\debug\enumdriver.obj
d:\source\securityguard\debug\enumdriver\enumdriver.cat
d:\source\securityguard\debug\enumdriver.sys
d:\source\securityguard\debug\enumdriver.pdb
d:\source\securityguard\enumdriver\debug\enumdriver.inf
d:\source\securityguard\debug\enumdriver.cer
d:\source\securityguard\debug\enumdriver.inf
d:\source\securityguard\enumdriver\debug\enumdriver.tlog\cl.command.1.tlog
d:\source\securityguard\enumdriver\debug\enumdriver.tlog\cl.read.1.tlog
d:\source\securityguard\enumdriver\debug\enumdriver.tlog\cl.write.1.tlog
d:\source\securityguard\enumdriver\debug\enumdriver.tlog\inf2cat-expand.9300.read.1.tlog
d:\source\securityguard\enumdriver\debug\enumdriver.tlog\inf2cat-expand.9300.write.1.tlog
d:\source\securityguard\enumdriver\debug\enumdriver.tlog\inf2cat-expand.read.1.tlog
d:\source\securityguard\enumdriver\debug\enumdriver.tlog\inf2cat-expand.write.1.tlog
d:\source\securityguard\enumdriver\debug\enumdriver.tlog\inf2cat.command.1.tlog
d:\source\securityguard\enumdriver\debug\enumdriver.tlog\inf2cat.read.1.tlog
d:\source\securityguard\enumdriver\debug\enumdriver.tlog\inf2cat.write.1.tlog
d:\source\securityguard\enumdriver\debug\enumdriver.tlog\link.command.1.tlog
d:\source\securityguard\enumdriver\debug\enumdriver.tlog\link.read.1.tlog
d:\source\securityguard\enumdriver\debug\enumdriver.tlog\link.write.1.tlog
d:\source\securityguard\enumdriver\debug\enumdriver.tlog\signtool.command.1.tlog
d:\source\securityguard\enumdriver\debug\enumdriver.tlog\signtool.read.1.tlog
d:\source\securityguard\enumdriver\debug\enumdriver.tlog\signtool.timestamp.1.tlog
d:\source\securityguard\enumdriver\debug\enumdriver.tlog\signtool.write.1.tlog
d:\source\securityguard\enumdriver\debug\enumdriver.tlog\stampinf.command.1.tlog
d:\source\securityguard\enumdriver\debug\enumdriver.tlog\stampinf.read.1.tlog
d:\source\securityguard\enumdriver\debug\enumdriver.tlog\stampinf.write.1.tlog
