d:\source\securityguard\securityguard\debug\vc142.pdb
d:\source\securityguard\securityguard\debug\vc142.idb
d:\source\securityguard\securityguard\debug\cdlgsecurityguard.obj
d:\source\securityguard\securityguard\debug\cdlgheap.obj
d:\source\securityguard\securityguard\debug\cdlgdisasm.obj
d:\source\securityguard\securityguard\debug\cdlgapitrace.obj
d:\source\securityguard\securityguard\debug\securityguard.pch
d:\source\securityguard\securityguard\debug\pch.obj
d:\source\securityguard\securityguard\debug\cdlgprocess.obj
d:\source\securityguard\securityguard\debug\cdlgmsconfig.obj
d:\source\securityguard\securityguard\debug\cdlgmodule.obj
d:\source\securityguard\securityguard\debug\cdlgminiprocess.obj
d:\source\securityguard\securityguard\debug\cdlgmemory.obj
d:\source\securityguard\securityguard\debug\cdlginject.obj
d:\source\securityguard\securityguard\debug\cdlghookdetect.obj
d:\source\securityguard\securityguard\debug\cdlghandle.obj
d:\source\securityguard\securityguard\debug\cdlghacktools.obj
d:\source\securityguard\securityguard\debug\cdlgfileright.obj
d:\source\securityguard\securityguard\debug\cdlgfileleft.obj
d:\source\securityguard\securityguard\debug\cdlgfilecleaner.obj
d:\source\securityguard\securityguard\debug\cdlgfilebind.obj
d:\source\securityguard\securityguard\debug\cdlgfile.obj
d:\source\securityguard\securityguard\debug\cdlgdriverload.obj
d:\source\securityguard\securityguard\debug\cdlgdriver.obj
d:\source\securityguard\securityguard\debug\cdisasmdlg.obj
d:\source\securityguard\securityguard\debug\hexedit.obj
d:\source\securityguard\securityguard\debug\helper.obj
d:\source\securityguard\securityguard\debug\ctableinfodlg.obj
d:\source\securityguard\securityguard\debug\csecurityguard.obj
d:\source\securityguard\securityguard\debug\cresourceinfodlg.obj
d:\source\securityguard\securityguard\debug\cresourceinfo.obj
d:\source\securityguard\securityguard\debug\cpeinfodlg.obj
d:\source\securityguard\securityguard\debug\chexeditordlg.obj
d:\source\securityguard\securityguard\debug\cgeneraltabctrl.obj
d:\source\securityguard\securityguard\debug\cformviewprocup.obj
d:\source\securityguard\securityguard\debug\cformviewprocdown.obj
d:\source\securityguard\securityguard\debug\cdlgwindow.obj
d:\source\securityguard\securityguard\debug\cdlguploadsample.obj
d:\source\securityguard\securityguard\debug\cdlguninstall.obj
d:\source\securityguard\securityguard\debug\cdlgthread.obj
d:\source\securityguard\securityguard\debug\cdlgserver.obj
d:\source\securityguard\securityguard\debug\cdlgseparate.obj
d:\source\securityguard\securityguard\debug\cdlgscanvirus.obj
d:\source\securityguard\debug\securityguard.exe
d:\source\securityguard\debug\securityguard.ilk
d:\source\securityguard\debug\securityguard.pdb
d:\source\securityguard\securityguard\debug\securityguard.res
d:\source\securityguard\securityguard\debug\securityguard.tlog\cl.command.1.tlog
d:\source\securityguard\securityguard\debug\securityguard.tlog\cl.read.1.tlog
d:\source\securityguard\securityguard\debug\securityguard.tlog\cl.write.1.tlog
d:\source\securityguard\securityguard\debug\securityguard.tlog\link.command.1.tlog
d:\source\securityguard\securityguard\debug\securityguard.tlog\link.read.1.tlog
d:\source\securityguard\securityguard\debug\securityguard.tlog\link.write.1.tlog
d:\source\securityguard\securityguard\debug\securityguard.tlog\rc.command.1.tlog
d:\source\securityguard\securityguard\debug\securityguard.tlog\rc.read.1.tlog
d:\source\securityguard\securityguard\debug\securityguard.tlog\rc.write.1.tlog
